2020.10.18 22:56:40 INFO  started: Metals version 0.9.4 in workspace 'G:\projects\scicom\Inventr-Management-System' for client vscode.
2020.10.18 22:56:41 INFO  time: initialize in 0.94s
2020.10.18 22:56:44 WARN  no build tool detected in workspace 'G:\projects\scicom\Inventr-Management-System'. The most common cause for this problem is that the editor was opened in the wrong working directory, for example if you use sbt then the workspace directory should contain build.sbt. 
2020.10.19 07:32:15 INFO  shutting down Metals
2020.10.19 07:54:42 INFO  started: Metals version 0.9.4 in workspace 'G:\projects\scicom\Inventr-Management-System' for client vscode.
2020.10.19 07:54:43 INFO  time: initialize in 1.22s
2020.10.19 07:54:50 WARN  no build tool detected in workspace 'G:\projects\scicom\Inventr-Management-System'. The most common cause for this problem is that the editor was opened in the wrong working directory, for example if you use sbt then the workspace directory should contain build.sbt. 
Oct 19, 2020 8:05:42 AM org.eclipse.lsp4j.jsonrpc.services.GenericEndpoint notify
INFO: Unsupported notification method: $/setTraceNotification
2020.10.19 10:26:02 INFO  shutting down Metals
2020.10.20 11:40:17 INFO  started: Metals version 0.9.4 in workspace 'G:\projects\scicom\Inventr-Management-System' for client vscode.
2020.10.20 11:40:19 INFO  time: initialize in 1.05s
2020.10.20 11:40:24 WARN  no build tool detected in workspace 'G:\projects\scicom\Inventr-Management-System'. The most common cause for this problem is that the editor was opened in the wrong working directory, for example if you use sbt then the workspace directory should contain build.sbt. 
2020.10.21 17:30:56 INFO  shutting down Metals
2020.10.21 17:35:02 INFO  started: Metals version 0.9.4 in workspace 'G:\projects\scicom\Inventr-Management-System' for client vscode.
2020.10.21 17:35:04 INFO  time: initialize in 1.98s
2020.10.21 17:35:15 WARN  no build tool detected in workspace 'G:\projects\scicom\Inventr-Management-System'. The most common cause for this problem is that the editor was opened in the wrong working directory, for example if you use sbt then the workspace directory should contain build.sbt. 
2020.10.22 00:45:54 INFO  shutting down Metals
2020.10.22 08:45:17 INFO  started: Metals version 0.9.4 in workspace 'G:\projects\scicom\Inventr-Management-System' for client vscode.
2020.10.22 08:45:19 INFO  time: initialize in 1.79s
2020.10.22 08:45:26 WARN  no build tool detected in workspace 'G:\projects\scicom\Inventr-Management-System'. The most common cause for this problem is that the editor was opened in the wrong working directory, for example if you use sbt then the workspace directory should contain build.sbt. 
Oct 22, 2020 3:02:07 PM org.eclipse.lsp4j.jsonrpc.services.GenericEndpoint notify
INFO: Unsupported notification method: $/setTraceNotification
2020.10.25 13:40:32 INFO  started: Metals version 0.9.4 in workspace 'G:\projects\scicom\Inventr-Management-System' for client vscode.
2020.10.25 13:40:34 INFO  time: initialize in 3s
2020.10.25 13:40:48 WARN  no build tool detected in workspace 'G:\projects\scicom\Inventr-Management-System'. The most common cause for this problem is that the editor was opened in the wrong working directory, for example if you use sbt then the workspace directory should contain build.sbt. 
2020.10.26 10:03:15 INFO  shutting down Metals
2020.10.26 10:10:07 INFO  started: Metals version 0.9.4 in workspace 'G:\projects\scicom\Inventr-Management-System' for client vscode.
2020.10.26 10:10:08 INFO  time: initialize in 0.71s
2020.10.26 10:10:14 WARN  no build tool detected in workspace 'G:\projects\scicom\Inventr-Management-System'. The most common cause for this problem is that the editor was opened in the wrong working directory, for example if you use sbt then the workspace directory should contain build.sbt. 
Oct 26, 2020 10:11:33 AM org.eclipse.lsp4j.jsonrpc.services.GenericEndpoint notify
INFO: Unsupported notification method: $/setTraceNotification
Oct 26, 2020 1:57:50 PM org.eclipse.lsp4j.jsonrpc.services.GenericEndpoint notify
INFO: Unsupported notification method: $/setTraceNotification
2020.10.27 00:17:38 INFO  shutting down Metals
2020.10.27 15:17:24 INFO  started: Metals version 0.9.4 in workspace 'G:\projects\scicom\Inventr-Management-System' for client vscode.
2020.10.27 15:17:25 INFO  time: initialize in 0.94s
2020.10.27 15:17:27 WARN  no build tool detected in workspace 'G:\projects\scicom\Inventr-Management-System'. The most common cause for this problem is that the editor was opened in the wrong working directory, for example if you use sbt then the workspace directory should contain build.sbt. 
Oct 27, 2020 3:20:34 PM org.eclipse.lsp4j.jsonrpc.services.GenericEndpoint notify
INFO: Unsupported notification method: $/setTraceNotification
2020.10.28 20:23:37 INFO  started: Metals version 0.9.4 in workspace 'G:\projects\scicom\Inventr-Management-System' for client vscode.
2020.10.28 20:23:42 INFO  time: initialize in 5.21s
2020.10.28 20:23:59 WARN  no build tool detected in workspace 'G:\projects\scicom\Inventr-Management-System'. The most common cause for this problem is that the editor was opened in the wrong working directory, for example if you use sbt then the workspace directory should contain build.sbt. 
Oct 28, 2020 11:04:27 PM org.eclipse.lsp4j.jsonrpc.services.GenericEndpoint notify
INFO: Unsupported notification method: $/setTraceNotification
Oct 29, 2020 8:58:31 AM org.eclipse.lsp4j.jsonrpc.services.GenericEndpoint notify
INFO: Unsupported notification method: $/setTraceNotification
2020.10.29 11:01:40 INFO  shutting down Metals
2020.10.29 11:20:57 INFO  started: Metals version 0.9.4 in workspace 'G:\projects\scicom\Inventr-Management-System' for client vscode.
2020.10.29 11:20:59 INFO  time: initialize in 1.51s
2020.10.29 11:21:11 WARN  no build tool detected in workspace 'G:\projects\scicom\Inventr-Management-System'. The most common cause for this problem is that the editor was opened in the wrong working directory, for example if you use sbt then the workspace directory should contain build.sbt. 
Oct 29, 2020 9:56:13 PM org.eclipse.lsp4j.jsonrpc.services.GenericEndpoint notify
INFO: Unsupported notification method: $/setTraceNotification
2020.10.30 17:29:58 INFO  shutting down Metals
2020.10.30 17:34:16 INFO  started: Metals version 0.9.4 in workspace 'G:\projects\scicom\Inventr-Management-System' for client vscode.
2020.10.30 17:34:17 INFO  time: initialize in 1.04s
2020.10.30 17:34:27 WARN  no build tool detected in workspace 'G:\projects\scicom\Inventr-Management-System'. The most common cause for this problem is that the editor was opened in the wrong working directory, for example if you use sbt then the workspace directory should contain build.sbt. 
2020.10.30 17:40:52 INFO  shutting down Metals
2020.11.01 23:07:18 INFO  started: Metals version 0.9.4 in workspace 'G:\projects\scicom\Inventr-Management-System' for client vscode.
2020.11.01 23:07:19 INFO  time: initialize in 1.03s
2020.11.01 23:07:21 WARN  no build tool detected in workspace 'G:\projects\scicom\Inventr-Management-System'. The most common cause for this problem is that the editor was opened in the wrong working directory, for example if you use sbt then the workspace directory should contain build.sbt. 
Nov 02, 2020 8:42:52 AM org.eclipse.lsp4j.jsonrpc.services.GenericEndpoint notify
INFO: Unsupported notification method: $/setTraceNotification
Nov 02, 2020 8:59:46 AM org.eclipse.lsp4j.jsonrpc.services.GenericEndpoint notify
INFO: Unsupported notification method: $/setTraceNotification
2020.11.04 13:28:45 INFO  started: Metals version 0.9.4 in workspace 'G:\projects\scicom\Inventr-Management-System' for client vscode.
2020.11.04 13:28:46 INFO  time: initialize in 1.11s
2020.11.04 13:28:58 WARN  no build tool detected in workspace 'G:\projects\scicom\Inventr-Management-System'. The most common cause for this problem is that the editor was opened in the wrong working directory, for example if you use sbt then the workspace directory should contain build.sbt. 
